-------------------------------------------------------------------------------
Test set: com.ex.test.web.GreetingsControllerTest
-------------------------------------------------------------------------------
Tests run: 5, Failures: 0, Errors: 5, Skipped: 0, Time elapsed: 9.349 s <<< FAILURE! - in com.ex.test.web.GreetingsControllerTest
getById_withInvalidId_thenReturn400(com.ex.test.web.GreetingsControllerTest)  Time elapsed: 0.022 s  <<< ERROR!
java.lang.IllegalStateException: Failed to load ApplicationContext
Caused by: org.springframework.beans.factory.UnsatisfiedDependencyException: Error creating bean with name 'albumCtrl' defined in file [C:\Users\Siegfried\Documents\Revature Official\Project testing\target\classes\com\ex\web\controllers\AlbumCtrl.class]: Unsatisfied dependency expressed through constructor parameter 0; nested exception is org.springframework.beans.factory.UnsatisfiedDependencyException: Error creating bean with name 'albumService' defined in file [C:\Users\Siegfried\Documents\Revature Official\Project testing\target\classes\com\ex\web\services\AlbumService.class]: Unsatisfied dependency expressed through constructor parameter 0; nested exception is org.springframework.beans.factory.BeanCreationException: Error creating bean with name 'sessionFactoryBean' defined in com.ex.web.ORMConfig: Invocation of init method failed; nested exception is org.hibernate.HibernateException: Access to DialectResolutionInfo cannot be null when 'hibernate.dialect' not set
Caused by: org.springframework.beans.factory.UnsatisfiedDependencyException: Error creating bean with name 'albumService' defined in file [C:\Users\Siegfried\Documents\Revature Official\Project testing\target\classes\com\ex\web\services\AlbumService.class]: Unsatisfied dependency expressed through constructor parameter 0; nested exception is org.springframework.beans.factory.BeanCreationException: Error creating bean with name 'sessionFactoryBean' defined in com.ex.web.ORMConfig: Invocation of init method failed; nested exception is org.hibernate.HibernateException: Access to DialectResolutionInfo cannot be null when 'hibernate.dialect' not set
Caused by: org.springframework.beans.factory.BeanCreationException: Error creating bean with name 'sessionFactoryBean' defined in com.ex.web.ORMConfig: Invocation of init method failed; nested exception is org.hibernate.HibernateException: Access to DialectResolutionInfo cannot be null when 'hibernate.dialect' not set
Caused by: org.hibernate.HibernateException: Access to DialectResolutionInfo cannot be null when 'hibernate.dialect' not set

getToGreetingController_thenReturnsRandomMotd(com.ex.test.web.GreetingsControllerTest)  Time elapsed: 0.001 s  <<< ERROR!
java.lang.IllegalStateException: Failed to load ApplicationContext
Caused by: org.springframework.beans.factory.UnsatisfiedDependencyException: Error creating bean with name 'albumCtrl' defined in file [C:\Users\Siegfried\Documents\Revature Official\Project testing\target\classes\com\ex\web\controllers\AlbumCtrl.class]: Unsatisfied dependency expressed through constructor parameter 0; nested exception is org.springframework.beans.factory.UnsatisfiedDependencyException: Error creating bean with name 'albumService' defined in file [C:\Users\Siegfried\Documents\Revature Official\Project testing\target\classes\com\ex\web\services\AlbumService.class]: Unsatisfied dependency expressed through constructor parameter 0; nested exception is org.springframework.beans.factory.BeanCreationException: Error creating bean with name 'sessionFactoryBean' defined in com.ex.web.ORMConfig: Invocation of init method failed; nested exception is org.hibernate.HibernateException: Access to DialectResolutionInfo cannot be null when 'hibernate.dialect' not set
Caused by: org.springframework.beans.factory.UnsatisfiedDependencyException: Error creating bean with name 'albumService' defined in file [C:\Users\Siegfried\Documents\Revature Official\Project testing\target\classes\com\ex\web\services\AlbumService.class]: Unsatisfied dependency expressed through constructor parameter 0; nested exception is org.springframework.beans.factory.BeanCreationException: Error creating bean with name 'sessionFactoryBean' defined in com.ex.web.ORMConfig: Invocation of init method failed; nested exception is org.hibernate.HibernateException: Access to DialectResolutionInfo cannot be null when 'hibernate.dialect' not set
Caused by: org.springframework.beans.factory.BeanCreationException: Error creating bean with name 'sessionFactoryBean' defined in com.ex.web.ORMConfig: Invocation of init method failed; nested exception is org.hibernate.HibernateException: Access to DialectResolutionInfo cannot be null when 'hibernate.dialect' not set
Caused by: org.hibernate.HibernateException: Access to DialectResolutionInfo cannot be null when 'hibernate.dialect' not set

postToGreetinsController_thenReturnsLocationOfNewMotd(com.ex.test.web.GreetingsControllerTest)  Time elapsed: 0 s  <<< ERROR!
java.lang.IllegalStateException: Failed to load ApplicationContext
Caused by: org.springframework.beans.factory.UnsatisfiedDependencyException: Error creating bean with name 'albumCtrl' defined in file [C:\Users\Siegfried\Documents\Revature Official\Project testing\target\classes\com\ex\web\controllers\AlbumCtrl.class]: Unsatisfied dependency expressed through constructor parameter 0; nested exception is org.springframework.beans.factory.UnsatisfiedDependencyException: Error creating bean with name 'albumService' defined in file [C:\Users\Siegfried\Documents\Revature Official\Project testing\target\classes\com\ex\web\services\AlbumService.class]: Unsatisfied dependency expressed through constructor parameter 0; nested exception is org.springframework.beans.factory.BeanCreationException: Error creating bean with name 'sessionFactoryBean' defined in com.ex.web.ORMConfig: Invocation of init method failed; nested exception is org.hibernate.HibernateException: Access to DialectResolutionInfo cannot be null when 'hibernate.dialect' not set
Caused by: org.springframework.beans.factory.UnsatisfiedDependencyException: Error creating bean with name 'albumService' defined in file [C:\Users\Siegfried\Documents\Revature Official\Project testing\target\classes\com\ex\web\services\AlbumService.class]: Unsatisfied dependency expressed through constructor parameter 0; nested exception is org.springframework.beans.factory.BeanCreationException: Error creating bean with name 'sessionFactoryBean' defined in com.ex.web.ORMConfig: Invocation of init method failed; nested exception is org.hibernate.HibernateException: Access to DialectResolutionInfo cannot be null when 'hibernate.dialect' not set
Caused by: org.springframework.beans.factory.BeanCreationException: Error creating bean with name 'sessionFactoryBean' defined in com.ex.web.ORMConfig: Invocation of init method failed; nested exception is org.hibernate.HibernateException: Access to DialectResolutionInfo cannot be null when 'hibernate.dialect' not set
Caused by: org.hibernate.HibernateException: Access to DialectResolutionInfo cannot be null when 'hibernate.dialect' not set

contextLoads(com.ex.test.web.GreetingsControllerTest)  Time elapsed: 0 s  <<< ERROR!
java.lang.IllegalStateException: Failed to load ApplicationContext
Caused by: org.springframework.beans.factory.UnsatisfiedDependencyException: Error creating bean with name 'albumCtrl' defined in file [C:\Users\Siegfried\Documents\Revature Official\Project testing\target\classes\com\ex\web\controllers\AlbumCtrl.class]: Unsatisfied dependency expressed through constructor parameter 0; nested exception is org.springframework.beans.factory.UnsatisfiedDependencyException: Error creating bean with name 'albumService' defined in file [C:\Users\Siegfried\Documents\Revature Official\Project testing\target\classes\com\ex\web\services\AlbumService.class]: Unsatisfied dependency expressed through constructor parameter 0; nested exception is org.springframework.beans.factory.BeanCreationException: Error creating bean with name 'sessionFactoryBean' defined in com.ex.web.ORMConfig: Invocation of init method failed; nested exception is org.hibernate.HibernateException: Access to DialectResolutionInfo cannot be null when 'hibernate.dialect' not set
Caused by: org.springframework.beans.factory.UnsatisfiedDependencyException: Error creating bean with name 'albumService' defined in file [C:\Users\Siegfried\Documents\Revature Official\Project testing\target\classes\com\ex\web\services\AlbumService.class]: Unsatisfied dependency expressed through constructor parameter 0; nested exception is org.springframework.beans.factory.BeanCreationException: Error creating bean with name 'sessionFactoryBean' defined in com.ex.web.ORMConfig: Invocation of init method failed; nested exception is org.hibernate.HibernateException: Access to DialectResolutionInfo cannot be null when 'hibernate.dialect' not set
Caused by: org.springframework.beans.factory.BeanCreationException: Error creating bean with name 'sessionFactoryBean' defined in com.ex.web.ORMConfig: Invocation of init method failed; nested exception is org.hibernate.HibernateException: Access to DialectResolutionInfo cannot be null when 'hibernate.dialect' not set
Caused by: org.hibernate.HibernateException: Access to DialectResolutionInfo cannot be null when 'hibernate.dialect' not set

getById_thenReturnMotd(com.ex.test.web.GreetingsControllerTest)  Time elapsed: 0.001 s  <<< ERROR!
java.lang.IllegalStateException: Failed to load ApplicationContext
Caused by: org.springframework.beans.factory.UnsatisfiedDependencyException: Error creating bean with name 'albumCtrl' defined in file [C:\Users\Siegfried\Documents\Revature Official\Project testing\target\classes\com\ex\web\controllers\AlbumCtrl.class]: Unsatisfied dependency expressed through constructor parameter 0; nested exception is org.springframework.beans.factory.UnsatisfiedDependencyException: Error creating bean with name 'albumService' defined in file [C:\Users\Siegfried\Documents\Revature Official\Project testing\target\classes\com\ex\web\services\AlbumService.class]: Unsatisfied dependency expressed through constructor parameter 0; nested exception is org.springframework.beans.factory.BeanCreationException: Error creating bean with name 'sessionFactoryBean' defined in com.ex.web.ORMConfig: Invocation of init method failed; nested exception is org.hibernate.HibernateException: Access to DialectResolutionInfo cannot be null when 'hibernate.dialect' not set
Caused by: org.springframework.beans.factory.UnsatisfiedDependencyException: Error creating bean with name 'albumService' defined in file [C:\Users\Siegfried\Documents\Revature Official\Project testing\target\classes\com\ex\web\services\AlbumService.class]: Unsatisfied dependency expressed through constructor parameter 0; nested exception is org.springframework.beans.factory.BeanCreationException: Error creating bean with name 'sessionFactoryBean' defined in com.ex.web.ORMConfig: Invocation of init method failed; nested exception is org.hibernate.HibernateException: Access to DialectResolutionInfo cannot be null when 'hibernate.dialect' not set
Caused by: org.springframework.beans.factory.BeanCreationException: Error creating bean with name 'sessionFactoryBean' defined in com.ex.web.ORMConfig: Invocation of init method failed; nested exception is org.hibernate.HibernateException: Access to DialectResolutionInfo cannot be null when 'hibernate.dialect' not set
Caused by: org.hibernate.HibernateException: Access to DialectResolutionInfo cannot be null when 'hibernate.dialect' not set

