<?xml version="1.0" encoding="UTF-8"?>
<testsuite xmlns:xsi="http://www.w3.org/2001/XMLSchema-instance" xsi:noNamespaceSchemaLocation="https://maven.apache.org/surefire/maven-surefire-plugin/xsd/surefire-test-report.xsd" name="com.ex.web.services.AlbumServiceTest" time="115.445" tests="7" errors="1" skipped="0" failures="2">
  <properties>
[...]
</properties>
  <testcase name="testGetAllAlbums" classname="com.ex.web.services.AlbumServiceTest" time="18.678">
    <error message="No CurrentSessionContext configured!" type="org.hibernate.HibernateException">org.hibernate.HibernateException: No CurrentSessionContext configured!
	at com.ex.web.services.AlbumServiceTest.testGetAllAlbums(AlbumServiceTest.java:31)
</error>
    <system-err><![CDATA[Aug 30, 2020 12:05:11 PM org.hibernate.annotations.common.reflection.java.JavaReflectionManager <clinit>
INFO: HCANN000001: Hibernate Commons Annotations {4.0.5.Final}
Aug 30, 2020 12:05:11 PM org.hibernate.Version logVersion
INFO: HHH000412: Hibernate Core {4.3.11.Final}
Aug 30, 2020 12:05:11 PM org.hibernate.cfg.Environment <clinit>
INFO: HHH000206: hibernate.properties not found
Aug 30, 2020 12:05:11 PM org.hibernate.cfg.Environment buildBytecodeProvider
INFO: HHH000021: Bytecode provider name : javassist
Aug 30, 2020 12:05:11 PM org.hibernate.cfg.Configuration configure
INFO: HHH000043: Configuring from resource: hibernate.cfg.xml
Aug 30, 2020 12:05:11 PM org.hibernate.cfg.Configuration getConfigurationInputStream
INFO: HHH000040: Configuration resource: hibernate.cfg.xml
Aug 30, 2020 12:05:11 PM org.hibernate.internal.util.xml.DTDEntityResolver resolveEntity
WARN: HHH000223: Recognized obsolete hibernate namespace http://hibernate.sourceforge.net/. Use namespace http://www.hibernate.org/dtd/ instead. Refer to Hibernate 3.6 Migration Guide!
Aug 30, 2020 12:05:11 PM org.hibernate.cfg.Configuration doConfigure
INFO: HHH000041: Configured SessionFactory: null
Aug 30, 2020 12:05:11 PM org.hibernate.engine.jdbc.connections.internal.DriverManagerConnectionProviderImpl configure
WARN: HHH000402: Using Hibernate built-in connection pool (not for production use!)
Aug 30, 2020 12:05:11 PM org.hibernate.engine.jdbc.connections.internal.DriverManagerConnectionProviderImpl buildCreator
INFO: HHH000401: using driver [org.postgresql.Driver] at URL [jdbc:postgresql://postgres.c3ynkxcfuk8l.us-east-2.rds.amazonaws.com:5432/postgres]
Aug 30, 2020 12:05:11 PM org.hibernate.engine.jdbc.connections.internal.DriverManagerConnectionProviderImpl buildCreator
INFO: HHH000046: Connection properties: {user=kingroot, password=****}
Aug 30, 2020 12:05:11 PM org.hibernate.engine.jdbc.connections.internal.DriverManagerConnectionProviderImpl buildCreator
INFO: HHH000006: Autocommit mode: false
Aug 30, 2020 12:05:11 PM org.hibernate.engine.jdbc.connections.internal.DriverManagerConnectionProviderImpl configure
INFO: HHH000115: Hibernate connection pool size: 20 (min=1)
Aug 30, 2020 12:05:28 PM org.hibernate.dialect.Dialect <init>
INFO: HHH000400: Using dialect: org.hibernate.dialect.PostgreSQL9Dialect
Aug 30, 2020 12:05:28 PM org.hibernate.engine.jdbc.internal.LobCreatorBuilder useContextualLobCreation
INFO: HHH000424: Disabling contextual LOB creation as createClob() method threw error : java.lang.reflect.InvocationTargetException
Aug 30, 2020 12:05:29 PM org.hibernate.engine.transaction.internal.TransactionFactoryInitiator initiateService
INFO: HHH000399: Using default transaction strategy (direct JDBC transactions)
Aug 30, 2020 12:05:29 PM org.hibernate.hql.internal.ast.ASTQueryTranslatorFactory <init>
INFO: HHH000397: Using ASTQueryTranslatorFactory
Aug 30, 2020 12:05:29 PM org.hibernate.cfg.SettingsFactory buildSettings
WARN: Unrecognized value for "hibernate.hbm2ddl.auto": none
]]></system-err>
  </testcase>
  <testcase name="testGetAlbumsByGenre" classname="com.ex.web.services.AlbumServiceTest" time="16.76">
    <failure message="Got Genre by ID expected:&lt;[Aladdin Sane]&gt; but was:&lt;[Bowie pop]&gt;" type="junit.framework.ComparisonFailure"><![CDATA[junit.framework.ComparisonFailure: Got Genre by ID expected:<[Aladdin Sane]> but was:<[Bowie pop]>
	at com.ex.web.services.AlbumServiceTest.testGetAlbumsByGenre(AlbumServiceTest.java:36)
]]></failure>
    <system-out><![CDATA[Hibernate: 
    select
        albums0_.album_id as album_id1_0_,
        albums0_.album_art as album_ar2_0_,
        albums0_.album_title as album_ti3_0_,
        albums0_.artist_id as artist_i7_0_,
        albums0_.description as descript4_0_,
        albums0_.genre_id as genre_id8_0_,
        albums0_.price as price5_0_,
        albums0_.year_released as year_rel6_0_ 
    from
        project2.albums albums0_ 
    where
        genre_id=?
Hibernate: 
    select
        artists0_.artist_id as artist_i1_1_0_,
        artists0_.artist_name as artist_n2_1_0_,
        artists0_.artist_year as artist_y3_1_0_ 
    from
        project2.artists artists0_ 
    where
        artists0_.artist_id=?
Hibernate: 
    select
        genres0_.genre_id as genre_id1_3_0_,
        genres0_.genre_name as genre_na2_3_0_ 
    from
        project2.genres genres0_ 
    where
        genres0_.genre_id=?
]]></system-out>
    <system-err><![CDATA[Aug 30, 2020 12:05:29 PM org.hibernate.cfg.Configuration configure
INFO: HHH000043: Configuring from resource: hibernate.cfg.xml
Aug 30, 2020 12:05:29 PM org.hibernate.cfg.Configuration getConfigurationInputStream
INFO: HHH000040: Configuration resource: hibernate.cfg.xml
Aug 30, 2020 12:05:29 PM org.hibernate.internal.util.xml.DTDEntityResolver resolveEntity
WARN: HHH000223: Recognized obsolete hibernate namespace http://hibernate.sourceforge.net/. Use namespace http://www.hibernate.org/dtd/ instead. Refer to Hibernate 3.6 Migration Guide!
Aug 30, 2020 12:05:29 PM org.hibernate.cfg.Configuration doConfigure
INFO: HHH000041: Configured SessionFactory: null
Aug 30, 2020 12:05:29 PM org.hibernate.engine.jdbc.connections.internal.DriverManagerConnectionProviderImpl configure
WARN: HHH000402: Using Hibernate built-in connection pool (not for production use!)
Aug 30, 2020 12:05:29 PM org.hibernate.engine.jdbc.connections.internal.DriverManagerConnectionProviderImpl buildCreator
INFO: HHH000401: using driver [org.postgresql.Driver] at URL [jdbc:postgresql://postgres.c3ynkxcfuk8l.us-east-2.rds.amazonaws.com:5432/postgres]
Aug 30, 2020 12:05:29 PM org.hibernate.engine.jdbc.connections.internal.DriverManagerConnectionProviderImpl buildCreator
INFO: HHH000046: Connection properties: {user=kingroot, password=****}
Aug 30, 2020 12:05:29 PM org.hibernate.engine.jdbc.connections.internal.DriverManagerConnectionProviderImpl buildCreator
INFO: HHH000006: Autocommit mode: false
Aug 30, 2020 12:05:29 PM org.hibernate.engine.jdbc.connections.internal.DriverManagerConnectionProviderImpl configure
INFO: HHH000115: Hibernate connection pool size: 20 (min=1)
Aug 30, 2020 12:05:45 PM org.hibernate.dialect.Dialect <init>
INFO: HHH000400: Using dialect: org.hibernate.dialect.PostgreSQL9Dialect
Aug 30, 2020 12:05:45 PM org.hibernate.engine.jdbc.internal.LobCreatorBuilder useContextualLobCreation
INFO: HHH000424: Disabling contextual LOB creation as createClob() method threw error : java.lang.reflect.InvocationTargetException
Aug 30, 2020 12:05:45 PM org.hibernate.engine.transaction.internal.TransactionFactoryInitiator initiateService
INFO: HHH000399: Using default transaction strategy (direct JDBC transactions)
Aug 30, 2020 12:05:45 PM org.hibernate.hql.internal.ast.ASTQueryTranslatorFactory <init>
INFO: HHH000397: Using ASTQueryTranslatorFactory
Aug 30, 2020 12:05:45 PM org.hibernate.cfg.SettingsFactory buildSettings
WARN: Unrecognized value for "hibernate.hbm2ddl.auto": none
]]></system-err>
  </testcase>
  <testcase name="testGetAlbumsByTitle" classname="com.ex.web.services.AlbumServiceTest" time="16.301"/>
  <testcase name="testGetPriceByAlbumId" classname="com.ex.web.services.AlbumServiceTest" time="15.797"/>
  <testcase name="testGetAlbumById" classname="com.ex.web.services.AlbumServiceTest" time="16.097">
    <failure message="Got album by ID expected:&lt;[The Eminem Show]&gt; but was:&lt;[Eminem rap]&gt;" type="junit.framework.ComparisonFailure"><![CDATA[junit.framework.ComparisonFailure: Got album by ID expected:<[The Eminem Show]> but was:<[Eminem rap]>
	at com.ex.web.services.AlbumServiceTest.testGetAlbumById(AlbumServiceTest.java:51)
]]></failure>
    <system-out><![CDATA[Hibernate: 
    select
        this_.album_id as album_id1_0_2_,
        this_.album_art as album_ar2_0_2_,
        this_.album_title as album_ti3_0_2_,
        this_.artist_id as artist_i7_0_2_,
        this_.description as descript4_0_2_,
        this_.genre_id as genre_id8_0_2_,
        this_.price as price5_0_2_,
        this_.year_released as year_rel6_0_2_,
        artists2_.artist_id as artist_i1_1_0_,
        artists2_.artist_name as artist_n2_1_0_,
        artists2_.artist_year as artist_y3_1_0_,
        genres3_.genre_id as genre_id1_3_1_,
        genres3_.genre_name as genre_na2_3_1_ 
    from
        project2.albums this_ 
    left outer join
        project2.artists artists2_ 
            on this_.artist_id=artists2_.artist_id 
    left outer join
        project2.genres genres3_ 
            on this_.genre_id=genres3_.genre_id 
    where
        this_.album_id=?
]]></system-out>
    <system-err><![CDATA[Aug 30, 2020 12:06:18 PM org.hibernate.cfg.Configuration configure
INFO: HHH000043: Configuring from resource: hibernate.cfg.xml
Aug 30, 2020 12:06:18 PM org.hibernate.cfg.Configuration getConfigurationInputStream
INFO: HHH000040: Configuration resource: hibernate.cfg.xml
Aug 30, 2020 12:06:18 PM org.hibernate.internal.util.xml.DTDEntityResolver resolveEntity
WARN: HHH000223: Recognized obsolete hibernate namespace http://hibernate.sourceforge.net/. Use namespace http://www.hibernate.org/dtd/ instead. Refer to Hibernate 3.6 Migration Guide!
Aug 30, 2020 12:06:18 PM org.hibernate.cfg.Configuration doConfigure
INFO: HHH000041: Configured SessionFactory: null
Aug 30, 2020 12:06:18 PM org.hibernate.engine.jdbc.connections.internal.DriverManagerConnectionProviderImpl configure
WARN: HHH000402: Using Hibernate built-in connection pool (not for production use!)
Aug 30, 2020 12:06:18 PM org.hibernate.engine.jdbc.connections.internal.DriverManagerConnectionProviderImpl buildCreator
INFO: HHH000401: using driver [org.postgresql.Driver] at URL [jdbc:postgresql://postgres.c3ynkxcfuk8l.us-east-2.rds.amazonaws.com:5432/postgres]
Aug 30, 2020 12:06:18 PM org.hibernate.engine.jdbc.connections.internal.DriverManagerConnectionProviderImpl buildCreator
INFO: HHH000046: Connection properties: {user=kingroot, password=****}
Aug 30, 2020 12:06:18 PM org.hibernate.engine.jdbc.connections.internal.DriverManagerConnectionProviderImpl buildCreator
INFO: HHH000006: Autocommit mode: false
Aug 30, 2020 12:06:18 PM org.hibernate.engine.jdbc.connections.internal.DriverManagerConnectionProviderImpl configure
INFO: HHH000115: Hibernate connection pool size: 20 (min=1)
Aug 30, 2020 12:06:34 PM org.hibernate.dialect.Dialect <init>
INFO: HHH000400: Using dialect: org.hibernate.dialect.PostgreSQL9Dialect
Aug 30, 2020 12:06:34 PM org.hibernate.engine.jdbc.internal.LobCreatorBuilder useContextualLobCreation
INFO: HHH000424: Disabling contextual LOB creation as createClob() method threw error : java.lang.reflect.InvocationTargetException
Aug 30, 2020 12:06:34 PM org.hibernate.engine.transaction.internal.TransactionFactoryInitiator initiateService
INFO: HHH000399: Using default transaction strategy (direct JDBC transactions)
Aug 30, 2020 12:06:34 PM org.hibernate.hql.internal.ast.ASTQueryTranslatorFactory <init>
INFO: HHH000397: Using ASTQueryTranslatorFactory
Aug 30, 2020 12:06:34 PM org.hibernate.cfg.SettingsFactory buildSettings
WARN: Unrecognized value for "hibernate.hbm2ddl.auto": none
]]></system-err>
  </testcase>
  <testcase name="testGetAlbumDescription" classname="com.ex.web.services.AlbumServiceTest" time="15.688"/>
  <testcase name="testGetAlbumsByArtist" classname="com.ex.web.services.AlbumServiceTest" time="16.079"/>
</testsuite>