<?xml version="1.0" encoding="UTF-8"?>
<testsuite xmlns:xsi="http://www.w3.org/2001/XMLSchema-instance" xsi:noNamespaceSchemaLocation="https://maven.apache.org/surefire/maven-surefire-plugin/xsd/surefire-test-report.xsd" name="com.ex.web.services.UserServiceTest" time="113.705" tests="7" errors="0" skipped="0" failures="0">
  <properties>
[...]
</properties>
  <testcase name="testGetUsernameByUserId" classname="com.ex.web.services.UserServiceTest" time="16.764"/>
  <testcase name="testCreateAccount" classname="com.ex.web.services.UserServiceTest" time="16.565"/>
  <testcase name="testUpdateEmail" classname="com.ex.web.services.UserServiceTest" time="16.261"/>
  <testcase name="testLogin" classname="com.ex.web.services.UserServiceTest" time="16.009"/>
  <testcase name="testGetById" classname="com.ex.web.services.UserServiceTest" time="15.988"/>
  <testcase name="testGetByUsername" classname="com.ex.web.services.UserServiceTest" time="16.089"/>
  <testcase name="testGetUserIdByUsername" classname="com.ex.web.services.UserServiceTest" time="16.028"/>
</testsuite>